{"/Users/himura/Desktop/Netology/ajs-test-ci/src/showAllHealthColor.js": {"path":"/Users/himura/Desktop/Netology/ajs-test-ci/src/showAllHealthColor.js","statementMap":{"0":{"start":{"line":2,"column":26},"end":{"line":2,"column":72}},"1":{"start":{"line":2,"column":52},"end":{"line":2,"column":71}},"2":{"start":{"line":3,"column":1},"end":{"line":3,"column":25}},"3":{"start":{"line":7,"column":1},"end":{"line":14,"column":2}},"4":{"start":{"line":7,"column":14},"end":{"line":7,"column":15}},"5":{"start":{"line":8,"column":2},"end":{"line":12,"column":3}},"6":{"start":{"line":9,"column":3},"end":{"line":9,"column":20}},"7":{"start":{"line":10,"column":9},"end":{"line":12,"column":3}},"8":{"start":{"line":11,"column":3},"end":{"line":11,"column":20}},"9":{"start":{"line":13,"column":2},"end":{"line":13,"column":20}}},"fnMap":{"0":{"name":"sort","decl":{"start":{"line":1,"column":16},"end":{"line":1,"column":20}},"loc":{"start":{"line":1,"column":33},"end":{"line":4,"column":1}},"line":1},"1":{"name":"(anonymous_1)","decl":{"start":{"line":2,"column":42},"end":{"line":2,"column":43}},"loc":{"start":{"line":2,"column":52},"end":{"line":2,"column":71}},"line":2},"2":{"name":"showAllHealthColor","decl":{"start":{"line":6,"column":16},"end":{"line":6,"column":34}},"loc":{"start":{"line":6,"column":47},"end":{"line":15,"column":1}},"line":6}},"branchMap":{"0":{"loc":{"start":{"line":8,"column":2},"end":{"line":12,"column":3}},"type":"if","locations":[{"start":{"line":8,"column":2},"end":{"line":12,"column":3}},{"start":{"line":10,"column":9},"end":{"line":12,"column":3}}],"line":8},"1":{"loc":{"start":{"line":10,"column":9},"end":{"line":12,"column":3}},"type":"if","locations":[{"start":{"line":10,"column":9},"end":{"line":12,"column":3}},{"start":{},"end":{}}],"line":10},"2":{"loc":{"start":{"line":10,"column":13},"end":{"line":10,"column":69}},"type":"binary-expr","locations":[{"start":{"line":10,"column":13},"end":{"line":10,"column":39}},{"start":{"line":10,"column":43},"end":{"line":10,"column":69}}],"line":10}},"s":{"0":1,"1":4,"2":1,"3":9,"4":9,"5":9,"6":3,"7":6,"8":3,"9":3},"f":{"0":1,"1":4,"2":9},"b":{"0":[3,6],"1":[3,3],"2":[6,3]},"_coverageSchema":"1a1c01bbd47fc00a2c39e90264f33305004495a9","hash":"f0c17aae288cdc809e02ec056007809959d5ebf8"}
,"/Users/himura/Desktop/Netology/ajs-test-ci/src/showHealthColor.js": {"path":"/Users/himura/Desktop/Netology/ajs-test-ci/src/showHealthColor.js","statementMap":{"0":{"start":{"line":2,"column":1},"end":{"line":6,"column":2}},"1":{"start":{"line":3,"column":2},"end":{"line":3,"column":19}},"2":{"start":{"line":4,"column":8},"end":{"line":6,"column":2}},"3":{"start":{"line":5,"column":2},"end":{"line":5,"column":19}},"4":{"start":{"line":7,"column":1},"end":{"line":7,"column":19}}},"fnMap":{"0":{"name":"showHealthColor","decl":{"start":{"line":1,"column":16},"end":{"line":1,"column":31}},"loc":{"start":{"line":1,"column":43},"end":{"line":8,"column":1}},"line":1}},"branchMap":{"0":{"loc":{"start":{"line":2,"column":1},"end":{"line":6,"column":2}},"type":"if","locations":[{"start":{"line":2,"column":1},"end":{"line":6,"column":2}},{"start":{"line":4,"column":8},"end":{"line":6,"column":2}}],"line":2},"1":{"loc":{"start":{"line":4,"column":8},"end":{"line":6,"column":2}},"type":"if","locations":[{"start":{"line":4,"column":8},"end":{"line":6,"column":2}},{"start":{},"end":{}}],"line":4},"2":{"loc":{"start":{"line":4,"column":12},"end":{"line":4,"column":60}},"type":"binary-expr","locations":[{"start":{"line":4,"column":12},"end":{"line":4,"column":34}},{"start":{"line":4,"column":38},"end":{"line":4,"column":60}}],"line":4}},"s":{"0":3,"1":1,"2":2,"3":1,"4":1},"f":{"0":3},"b":{"0":[1,2],"1":[1,1],"2":[2,1]},"_coverageSchema":"1a1c01bbd47fc00a2c39e90264f33305004495a9","hash":"7f3e7761e41775d6fdd89a385b1eb79a9209aeb6"}
}
