{"/Users/himura/Desktop/Netology/ajs-test-ci/src/showHealthColor.js": {"path":"/Users/himura/Desktop/Netology/ajs-test-ci/src/showHealthColor.js","statementMap":{"0":{"start":{"line":2,"column":1},"end":{"line":6,"column":2}},"1":{"start":{"line":3,"column":2},"end":{"line":3,"column":19}},"2":{"start":{"line":4,"column":8},"end":{"line":6,"column":2}},"3":{"start":{"line":5,"column":2},"end":{"line":5,"column":19}},"4":{"start":{"line":7,"column":1},"end":{"line":7,"column":19}}},"fnMap":{"0":{"name":"showHealthColor","decl":{"start":{"line":1,"column":16},"end":{"line":1,"column":31}},"loc":{"start":{"line":1,"column":43},"end":{"line":8,"column":1}},"line":1}},"branchMap":{"0":{"loc":{"start":{"line":2,"column":1},"end":{"line":6,"column":2}},"type":"if","locations":[{"start":{"line":2,"column":1},"end":{"line":6,"column":2}},{"start":{"line":4,"column":8},"end":{"line":6,"column":2}}],"line":2},"1":{"loc":{"start":{"line":4,"column":8},"end":{"line":6,"column":2}},"type":"if","locations":[{"start":{"line":4,"column":8},"end":{"line":6,"column":2}},{"start":{},"end":{}}],"line":4},"2":{"loc":{"start":{"line":4,"column":12},"end":{"line":4,"column":60}},"type":"binary-expr","locations":[{"start":{"line":4,"column":12},"end":{"line":4,"column":34}},{"start":{"line":4,"column":38},"end":{"line":4,"column":60}}],"line":4}},"s":{"0":3,"1":1,"2":2,"3":1,"4":1},"f":{"0":3},"b":{"0":[1,2],"1":[1,1],"2":[2,1]},"_coverageSchema":"1a1c01bbd47fc00a2c39e90264f33305004495a9","hash":"7f3e7761e41775d6fdd89a385b1eb79a9209aeb6"}
}
