TN:
SF:src/showAllHealthColor.js
FN:1,sort
FN:2,(anonymous_1)
FN:6,showAllHealthColor
FNF:3
FNH:3
FNDA:1,sort
FNDA:4,(anonymous_1)
FNDA:9,showAllHealthColor
DA:2,4
DA:3,1
DA:7,9
DA:8,9
DA:9,3
DA:10,6
DA:11,3
DA:13,3
LF:8
LH:8
BRDA:8,0,0,3
BRDA:8,0,1,6
BRDA:10,1,0,3
BRDA:10,1,1,3
BRDA:10,2,0,6
BRDA:10,2,1,3
BRF:6
BRH:6
end_of_record
TN:
SF:src/showHealthColor.js
FN:1,showHealthColor
FNF:1
FNH:1
FNDA:3,showHealthColor
DA:2,3
DA:3,1
DA:4,2
DA:5,1
DA:7,1
LF:5
LH:5
BRDA:2,0,0,1
BRDA:2,0,1,2
BRDA:4,1,0,1
BRDA:4,1,1,1
BRDA:4,2,0,2
BRDA:4,2,1,1
BRF:6
BRH:6
end_of_record
